0 info it worked if it ends with ok
1 verbose cli [ '/usr/local/Cellar/node/7.0.0/bin/node',
1 verbose cli   '/usr/local/bin/npm',
1 verbose cli   'start' ]
2 info using npm@3.10.8
3 info using node@v7.0.0
4 verbose run-script [ 'prestart', 'start', 'poststart' ]
5 info lifecycle cosa@~prestart: cosa@
6 silly lifecycle cosa@~prestart: no script for prestart, continuing
7 info lifecycle cosa@~start: cosa@
8 verbose lifecycle cosa@~start: unsafe-perm in lifecycle true
9 verbose lifecycle cosa@~start: PATH: /usr/local/lib/node_modules/npm/bin/node-gyp-bin:/Users/jorge/provident/ponmenombreporfavor/node_modules/.bin:/usr/local/Cellar/node/7.0.0/bin:/Users/jorge/.swiftenv/shims:/usr/local/bin:/usr/bin:/bin:/usr/sbin:/sbin:/usr/local/go/bin:/usr/local/MacGPG2/bin:/Library/TeX/texbin:/usr/local/sbin:/Users/jorge/Dropbox/Projects/go/bin:/Users/jorge/Code/google-cloud-sdk/bin:/Users/jorge/.meteor
10 verbose lifecycle cosa@~start: CWD: /Users/jorge/provident/ponmenombreporfavor
11 silly lifecycle cosa@~start: Args: [ '-c', 'meteor run' ]
12 silly lifecycle cosa@~start: Returned: code: 254  signal: null
13 info lifecycle cosa@~start: Failed to exec start script
14 verbose stack Error: cosa@ start: `meteor run`
14 verbose stack Exit status 254
14 verbose stack     at EventEmitter.<anonymous> (/usr/local/lib/node_modules/npm/lib/utils/lifecycle.js:255:16)
14 verbose stack     at emitTwo (events.js:106:13)
14 verbose stack     at EventEmitter.emit (events.js:191:7)
14 verbose stack     at ChildProcess.<anonymous> (/usr/local/lib/node_modules/npm/lib/utils/spawn.js:40:14)
14 verbose stack     at emitTwo (events.js:106:13)
14 verbose stack     at ChildProcess.emit (events.js:191:7)
14 verbose stack     at maybeClose (internal/child_process.js:877:16)
14 verbose stack     at Process.ChildProcess._handle.onexit (internal/child_process.js:226:5)
15 verbose pkgid cosa@
16 verbose cwd /Users/jorge/provident/ponmenombreporfavor
17 error Darwin 16.1.0
18 error argv "/usr/local/Cellar/node/7.0.0/bin/node" "/usr/local/bin/npm" "start"
19 error node v7.0.0
20 error npm  v3.10.8
21 error code ELIFECYCLE
22 error cosa@ start: `meteor run`
22 error Exit status 254
23 error Failed at the cosa@ start script 'meteor run'.
23 error Make sure you have the latest version of node.js and npm installed.
23 error If you do, this is most likely a problem with the cosa package,
23 error not with npm itself.
23 error Tell the author that this fails on your system:
23 error     meteor run
23 error You can get information on how to open an issue for this project with:
23 error     npm bugs cosa
23 error Or if that isn't available, you can get their info via:
23 error     npm owner ls cosa
23 error There is likely additional logging output above.
24 verbose exit [ 1, true ]
